28-07-2025 02:51:32,280-06:00 [main] INFO  c.e.p.controller.TelefonoController - Se encontro el usuario al cual se registrara el telefono
28-07-2025 02:51:50,314-06:00 [main] INFO  c.e.p.controller.TelefonoController - Se encontro el usuario al cual se registrara el telefono
28-07-2025 02:54:44,081-06:00 [main] INFO  c.e.p.controller.TelefonoController - Se encontro el usuario al cual se registrara el telefono
28-07-2025 02:55:04,927-06:00 [main] INFO  c.e.p.controller.TelefonoController - Se encontro el usuario al cual se registrara el telefono
28-07-2025 03:05:20,446-06:00 [main] INFO  c.e.p.controller.TelefonoController - No hay un usuario a cual registrar el telefono
28-07-2025 03:10:41,620-06:00 [main] INFO  c.e.p.controller.TelefonoController - No hay un usuario a cual registrar el telefono
28-07-2025 03:23:04,853-06:00 [main] INFO  c.e.p.controller.TelefonoController - La lista se encuentra vacia
28-07-2025 03:24:20,063-06:00 [main] INFO  c.e.p.controller.TelefonoController - La lista se encuentra vacia
28-07-2025 03:43:28,156-06:00 [main] INFO  c.e.p.controller.TelefonoController - Se encontro el telefono
28-07-2025 03:44:50,033-06:00 [main] INFO  c.e.p.controller.TelefonoController - Se encontro el telefono
28-07-2025 03:46:21,783-06:00 [main] INFO  c.e.p.controller.TelefonoController - Se encontro el usuario al cual se registrara el telefono
28-07-2025 03:54:20,791-06:00 [main] INFO  c.e.p.controller.TelefonoController - No esta registrado el telefono
28-07-2025 04:49:30,121-06:00 [main] INFO  c.e.p.controller.TelefonoController - Telefono localizado eliminado
28-07-2025 04:50:15,035-06:00 [main] INFO  c.e.p.controller.TelefonoController - Telefono localizado eliminado
28-07-2025 04:50:38,493-06:00 [main] INFO  c.e.p.controller.TelefonoController - Telefono localizado eliminado
28-07-2025 04:50:50,246-06:00 [main] INFO  c.e.p.controller.TelefonoController - Telefono localizado eliminado
28-07-2025 04:52:09,916-06:00 [main] INFO  c.e.p.controller.TelefonoController - Telefono localizado eliminado
28-07-2025 05:00:00,421-06:00 [main] INFO  c.e.p.controller.TelefonoController - No hay telefono con ese ID registrado
28-07-2025 05:01:22,984-06:00 [main] INFO  c.e.p.controller.TelefonoController - No hay telefono con ese ID registrado
28-07-2025 05:01:23,006-06:00 [main] INFO  c.e.p.controller.TelefonoController - Se encontro el usuario al cual se registrara el telefono
28-07-2025 05:01:23,018-06:00 [main] INFO  c.e.p.controller.TelefonoController - No hay un usuario a cual registrar el telefono
28-07-2025 05:01:23,029-06:00 [main] INFO  c.e.p.controller.TelefonoController - Se encontro el telefono
28-07-2025 05:01:23,052-06:00 [main] INFO  c.e.p.controller.TelefonoController - No esta registrado el telefono
28-07-2025 05:01:23,061-06:00 [main] INFO  c.e.p.controller.TelefonoController - La lista se encuentra vacia
28-07-2025 05:01:23,077-06:00 [main] INFO  c.e.p.controller.TelefonoController - Telefono localizado eliminado
28-07-2025 05:01:23,389-06:00 [main] INFO  o.s.t.c.s.AnnotationConfigContextLoaderUtils - Could not detect default configuration classes for test class [com.ebac.practica65ServiciosWebREST.Practica65ServiciosWebRestApplicationTests]: Practica65ServiciosWebRestApplicationTests does not declare any static, non-private, non-final, nested classes annotated with @Configuration.
28-07-2025 05:01:23,930-06:00 [main] INFO  o.s.b.t.c.SpringBootTestContextBootstrapper - Found @SpringBootConfiguration com.ebac.practica65ServiciosWebREST.Practica65ServiciosWebRestApplication for test class com.ebac.practica65ServiciosWebREST.Practica65ServiciosWebRestApplicationTests
28-07-2025 05:01:24,675-06:00 [main] INFO  c.e.p.Practica65ServiciosWebRestApplicationTests - Starting Practica65ServiciosWebRestApplicationTests using Java 21.0.1 with PID 16092 (started by Mauricio Ortega in C:\Users\Mauricio Ortega\Desktop\EBAC\Actividades\BACKEND\PRACTICAS\practica65ServiciosWebREST)
28-07-2025 05:01:24,676-06:00 [main] INFO  c.e.p.Practica65ServiciosWebRestApplicationTests - No active profile set, falling back to 1 default profile: "default"
28-07-2025 05:01:26,086-06:00 [main] INFO  o.s.d.r.c.RepositoryConfigurationDelegate - Bootstrapping Spring Data JPA repositories in DEFAULT mode.
28-07-2025 05:01:26,192-06:00 [main] INFO  o.s.d.r.c.RepositoryConfigurationDelegate - Finished Spring Data repository scanning in 85 ms. Found 2 JPA repository interfaces.
28-07-2025 05:01:27,083-06:00 [main] INFO  com.zaxxer.hikari.HikariDataSource - HikariPool-1 - Starting...
28-07-2025 05:01:27,527-06:00 [main] INFO  com.zaxxer.hikari.pool.HikariPool - HikariPool-1 - Added connection conn0: url=jdbc:h2:mem:b857e71d-5a47-49b6-94e0-df457859c31f user=SA
28-07-2025 05:01:27,531-06:00 [main] INFO  com.zaxxer.hikari.HikariDataSource - HikariPool-1 - Start completed.
28-07-2025 05:01:27,701-06:00 [main] INFO  o.h.jpa.internal.util.LogHelper - HHH000204: Processing PersistenceUnitInfo [name: default]
28-07-2025 05:01:27,906-06:00 [main] INFO  org.hibernate.Version - HHH000412: Hibernate ORM core version 6.6.22.Final
28-07-2025 05:01:28,001-06:00 [main] INFO  o.h.c.i.RegionFactoryInitiator - HHH000026: Second-level cache disabled
28-07-2025 05:01:28,325-06:00 [main] INFO  o.s.o.j.p.SpringPersistenceUnitInfo - No LoadTimeWeaver setup: ignoring JPA class transformer
28-07-2025 05:01:28,459-06:00 [main] INFO  o.hibernate.orm.connections.pooling - HHH10001005: Database info:
	Database JDBC URL [Connecting through datasource 'HikariDataSource (HikariPool-1)']
	Database driver: undefined/unknown
	Database version: 2.3.232
	Autocommit mode: undefined/unknown
	Isolation level: undefined/unknown
	Minimum pool size: undefined/unknown
	Maximum pool size: undefined/unknown
28-07-2025 05:01:29,604-06:00 [main] INFO  o.h.e.t.j.p.i.JtaPlatformInitiator - HHH000489: No JTA platform available (set 'hibernate.transaction.jta.platform' to enable JTA platform integration)
28-07-2025 05:01:29,723-06:00 [main] INFO  o.s.o.j.LocalContainerEntityManagerFactoryBean - Initialized JPA EntityManagerFactory for persistence unit 'default'
28-07-2025 05:01:30,586-06:00 [main] WARN  o.s.b.a.o.j.JpaBaseConfiguration$JpaWebConfiguration - spring.jpa.open-in-view is enabled by default. Therefore, database queries may be performed during view rendering. Explicitly configure spring.jpa.open-in-view to disable this warning
28-07-2025 05:01:31,747-06:00 [main] INFO  c.e.p.Practica65ServiciosWebRestApplicationTests - Started Practica65ServiciosWebRestApplicationTests in 7.57 seconds (process running for 13.83)
28-07-2025 05:01:31,933-06:00 [SpringApplicationShutdownHook] INFO  o.s.o.j.LocalContainerEntityManagerFactoryBean - Closing JPA EntityManagerFactory for persistence unit 'default'
28-07-2025 05:01:31,941-06:00 [SpringApplicationShutdownHook] INFO  com.zaxxer.hikari.HikariDataSource - HikariPool-1 - Shutdown initiated...
28-07-2025 05:01:31,948-06:00 [SpringApplicationShutdownHook] INFO  com.zaxxer.hikari.HikariDataSource - HikariPool-1 - Shutdown completed.
28-07-2025 05:06:24,556-06:00 [main] INFO  c.e.p.controller.TelefonoController - No hay telefono con ese ID registrado
28-07-2025 05:06:24,580-06:00 [main] INFO  c.e.p.controller.TelefonoController - Se encontro el usuario al cual se registrara el telefono
28-07-2025 05:06:24,594-06:00 [main] INFO  c.e.p.controller.TelefonoController - No hay un usuario a cual registrar el telefono
28-07-2025 05:06:24,605-06:00 [main] INFO  c.e.p.controller.TelefonoController - Se encontro el telefono
28-07-2025 05:06:24,625-06:00 [main] INFO  c.e.p.controller.TelefonoController - No esta registrado el telefono
28-07-2025 05:06:24,635-06:00 [main] INFO  c.e.p.controller.TelefonoController - La lista se encuentra vacia
28-07-2025 05:06:24,647-06:00 [main] INFO  c.e.p.controller.TelefonoController - Telefono localizado eliminado
28-07-2025 05:06:24,869-06:00 [main] INFO  o.s.t.c.s.AnnotationConfigContextLoaderUtils - Could not detect default configuration classes for test class [com.ebac.practica65ServiciosWebREST.Practica65ServiciosWebRestApplicationTests]: Practica65ServiciosWebRestApplicationTests does not declare any static, non-private, non-final, nested classes annotated with @Configuration.
28-07-2025 05:06:25,093-06:00 [main] INFO  o.s.b.t.c.SpringBootTestContextBootstrapper - Found @SpringBootConfiguration com.ebac.practica65ServiciosWebREST.Practica65ServiciosWebRestApplication for test class com.ebac.practica65ServiciosWebREST.Practica65ServiciosWebRestApplicationTests
28-07-2025 05:06:25,789-06:00 [main] INFO  c.e.p.Practica65ServiciosWebRestApplicationTests - Starting Practica65ServiciosWebRestApplicationTests using Java 21.0.1 with PID 19144 (started by Mauricio Ortega in C:\Users\Mauricio Ortega\Desktop\EBAC\Actividades\BACKEND\PRACTICAS\practica65ServiciosWebREST)
28-07-2025 05:06:25,791-06:00 [main] INFO  c.e.p.Practica65ServiciosWebRestApplicationTests - No active profile set, falling back to 1 default profile: "default"
28-07-2025 05:06:27,314-06:00 [main] INFO  o.s.d.r.c.RepositoryConfigurationDelegate - Bootstrapping Spring Data JPA repositories in DEFAULT mode.
28-07-2025 05:06:27,448-06:00 [main] INFO  o.s.d.r.c.RepositoryConfigurationDelegate - Finished Spring Data repository scanning in 110 ms. Found 2 JPA repository interfaces.
28-07-2025 05:06:28,300-06:00 [main] INFO  com.zaxxer.hikari.HikariDataSource - HikariPool-1 - Starting...
28-07-2025 05:06:28,693-06:00 [main] INFO  com.zaxxer.hikari.pool.HikariPool - HikariPool-1 - Added connection conn0: url=jdbc:h2:mem:f96a55d9-59a5-4111-a9da-14c9e9b09bd9 user=SA
28-07-2025 05:06:28,695-06:00 [main] INFO  com.zaxxer.hikari.HikariDataSource - HikariPool-1 - Start completed.
28-07-2025 05:06:28,816-06:00 [main] INFO  o.h.jpa.internal.util.LogHelper - HHH000204: Processing PersistenceUnitInfo [name: default]
28-07-2025 05:06:29,045-06:00 [main] INFO  org.hibernate.Version - HHH000412: Hibernate ORM core version 6.6.22.Final
28-07-2025 05:06:29,140-06:00 [main] INFO  o.h.c.i.RegionFactoryInitiator - HHH000026: Second-level cache disabled
28-07-2025 05:06:29,439-06:00 [main] INFO  o.s.o.j.p.SpringPersistenceUnitInfo - No LoadTimeWeaver setup: ignoring JPA class transformer
28-07-2025 05:06:29,552-06:00 [main] INFO  o.hibernate.orm.connections.pooling - HHH10001005: Database info:
	Database JDBC URL [Connecting through datasource 'HikariDataSource (HikariPool-1)']
	Database driver: undefined/unknown
	Database version: 2.3.232
	Autocommit mode: undefined/unknown
	Isolation level: undefined/unknown
	Minimum pool size: undefined/unknown
	Maximum pool size: undefined/unknown
28-07-2025 05:06:30,596-06:00 [main] INFO  o.h.e.t.j.p.i.JtaPlatformInitiator - HHH000489: No JTA platform available (set 'hibernate.transaction.jta.platform' to enable JTA platform integration)
28-07-2025 05:06:30,658-06:00 [main] INFO  o.s.o.j.LocalContainerEntityManagerFactoryBean - Initialized JPA EntityManagerFactory for persistence unit 'default'
28-07-2025 05:06:31,442-06:00 [main] WARN  o.s.b.a.o.j.JpaBaseConfiguration$JpaWebConfiguration - spring.jpa.open-in-view is enabled by default. Therefore, database queries may be performed during view rendering. Explicitly configure spring.jpa.open-in-view to disable this warning
28-07-2025 05:06:32,265-06:00 [main] INFO  c.e.p.Practica65ServiciosWebRestApplicationTests - Started Practica65ServiciosWebRestApplicationTests in 6.921 seconds (process running for 11.33)
28-07-2025 05:06:32,423-06:00 [SpringApplicationShutdownHook] INFO  o.s.o.j.LocalContainerEntityManagerFactoryBean - Closing JPA EntityManagerFactory for persistence unit 'default'
28-07-2025 05:06:32,430-06:00 [SpringApplicationShutdownHook] INFO  com.zaxxer.hikari.HikariDataSource - HikariPool-1 - Shutdown initiated...
28-07-2025 05:06:32,433-06:00 [SpringApplicationShutdownHook] INFO  com.zaxxer.hikari.HikariDataSource - HikariPool-1 - Shutdown completed.
28-07-2025 05:07:08,457-06:00 [main] INFO  c.e.p.controller.TelefonoController - No hay telefono con ese ID registrado
28-07-2025 05:07:08,482-06:00 [main] INFO  c.e.p.controller.TelefonoController - Se encontro el usuario al cual se registrara el telefono
28-07-2025 05:07:08,493-06:00 [main] INFO  c.e.p.controller.TelefonoController - No hay un usuario a cual registrar el telefono
28-07-2025 05:07:08,504-06:00 [main] INFO  c.e.p.controller.TelefonoController - Se encontro el telefono
28-07-2025 05:07:08,530-06:00 [main] INFO  c.e.p.controller.TelefonoController - No esta registrado el telefono
28-07-2025 05:07:08,542-06:00 [main] INFO  c.e.p.controller.TelefonoController - La lista se encuentra vacia
28-07-2025 05:07:08,556-06:00 [main] INFO  c.e.p.controller.TelefonoController - Telefono localizado eliminado
28-07-2025 05:07:08,779-06:00 [main] INFO  o.s.t.c.s.AnnotationConfigContextLoaderUtils - Could not detect default configuration classes for test class [com.ebac.practica65ServiciosWebREST.Practica65ServiciosWebRestApplicationTests]: Practica65ServiciosWebRestApplicationTests does not declare any static, non-private, non-final, nested classes annotated with @Configuration.
28-07-2025 05:07:09,071-06:00 [main] INFO  o.s.b.t.c.SpringBootTestContextBootstrapper - Found @SpringBootConfiguration com.ebac.practica65ServiciosWebREST.Practica65ServiciosWebRestApplication for test class com.ebac.practica65ServiciosWebREST.Practica65ServiciosWebRestApplicationTests
28-07-2025 05:07:09,807-06:00 [main] INFO  c.e.p.Practica65ServiciosWebRestApplicationTests - Starting Practica65ServiciosWebRestApplicationTests using Java 21.0.1 with PID 21780 (started by Mauricio Ortega in C:\Users\Mauricio Ortega\Desktop\EBAC\Actividades\BACKEND\PRACTICAS\practica65ServiciosWebREST)
28-07-2025 05:07:09,809-06:00 [main] INFO  c.e.p.Practica65ServiciosWebRestApplicationTests - No active profile set, falling back to 1 default profile: "default"
28-07-2025 05:07:11,157-06:00 [main] INFO  o.s.d.r.c.RepositoryConfigurationDelegate - Bootstrapping Spring Data JPA repositories in DEFAULT mode.
28-07-2025 05:07:11,292-06:00 [main] INFO  o.s.d.r.c.RepositoryConfigurationDelegate - Finished Spring Data repository scanning in 112 ms. Found 2 JPA repository interfaces.
28-07-2025 05:07:12,105-06:00 [main] INFO  com.zaxxer.hikari.HikariDataSource - HikariPool-1 - Starting...
28-07-2025 05:07:12,522-06:00 [main] INFO  com.zaxxer.hikari.pool.HikariPool - HikariPool-1 - Added connection conn0: url=jdbc:h2:mem:e7d239e3-d9bd-40b7-a794-3cc10a363730 user=SA
28-07-2025 05:07:12,525-06:00 [main] INFO  com.zaxxer.hikari.HikariDataSource - HikariPool-1 - Start completed.
28-07-2025 05:07:12,637-06:00 [main] INFO  o.h.jpa.internal.util.LogHelper - HHH000204: Processing PersistenceUnitInfo [name: default]
28-07-2025 05:07:12,827-06:00 [main] INFO  org.hibernate.Version - HHH000412: Hibernate ORM core version 6.6.22.Final
28-07-2025 05:07:12,909-06:00 [main] INFO  o.h.c.i.RegionFactoryInitiator - HHH000026: Second-level cache disabled
28-07-2025 05:07:13,210-06:00 [main] INFO  o.s.o.j.p.SpringPersistenceUnitInfo - No LoadTimeWeaver setup: ignoring JPA class transformer
28-07-2025 05:07:13,347-06:00 [main] INFO  o.hibernate.orm.connections.pooling - HHH10001005: Database info:
	Database JDBC URL [Connecting through datasource 'HikariDataSource (HikariPool-1)']
	Database driver: undefined/unknown
	Database version: 2.3.232
	Autocommit mode: undefined/unknown
	Isolation level: undefined/unknown
	Minimum pool size: undefined/unknown
	Maximum pool size: undefined/unknown
28-07-2025 05:07:14,519-06:00 [main] INFO  o.h.e.t.j.p.i.JtaPlatformInitiator - HHH000489: No JTA platform available (set 'hibernate.transaction.jta.platform' to enable JTA platform integration)
28-07-2025 05:07:14,593-06:00 [main] INFO  o.s.o.j.LocalContainerEntityManagerFactoryBean - Initialized JPA EntityManagerFactory for persistence unit 'default'
28-07-2025 05:07:15,286-06:00 [main] WARN  o.s.b.a.o.j.JpaBaseConfiguration$JpaWebConfiguration - spring.jpa.open-in-view is enabled by default. Therefore, database queries may be performed during view rendering. Explicitly configure spring.jpa.open-in-view to disable this warning
28-07-2025 05:07:16,118-06:00 [main] INFO  c.e.p.Practica65ServiciosWebRestApplicationTests - Started Practica65ServiciosWebRestApplicationTests in 6.767 seconds (process running for 11.221)
28-07-2025 05:07:16,303-06:00 [SpringApplicationShutdownHook] INFO  o.s.o.j.LocalContainerEntityManagerFactoryBean - Closing JPA EntityManagerFactory for persistence unit 'default'
28-07-2025 05:07:16,315-06:00 [SpringApplicationShutdownHook] INFO  com.zaxxer.hikari.HikariDataSource - HikariPool-1 - Shutdown initiated...
28-07-2025 05:07:16,319-06:00 [SpringApplicationShutdownHook] INFO  com.zaxxer.hikari.HikariDataSource - HikariPool-1 - Shutdown completed.
28-07-2025 05:09:29,421-06:00 [main] INFO  c.e.p.Practica65ServiciosWebRestApplication - Starting Practica65ServiciosWebRestApplication using Java 23.0.2 with PID 9908 (C:\Users\Mauricio Ortega\Desktop\EBAC\Actividades\BACKEND\PRACTICAS\practica65ServiciosWebREST\target\classes started by Mauricio Ortega in C:\Users\Mauricio Ortega\Desktop\EBAC\Actividades\BACKEND\PRACTICAS\practica65ServiciosWebREST)
28-07-2025 05:09:29,425-06:00 [main] INFO  c.e.p.Practica65ServiciosWebRestApplication - No active profile set, falling back to 1 default profile: "default"
28-07-2025 05:09:30,940-06:00 [main] INFO  o.s.d.r.c.RepositoryConfigurationDelegate - Bootstrapping Spring Data JPA repositories in DEFAULT mode.
28-07-2025 05:09:31,049-06:00 [main] INFO  o.s.d.r.c.RepositoryConfigurationDelegate - Finished Spring Data repository scanning in 84 ms. Found 2 JPA repository interfaces.
28-07-2025 05:09:32,045-06:00 [main] INFO  o.s.b.w.e.tomcat.TomcatWebServer - Tomcat initialized with port 8080 (http)
28-07-2025 05:09:32,076-06:00 [main] INFO  o.a.coyote.http11.Http11NioProtocol - Initializing ProtocolHandler ["http-nio-8080"]
28-07-2025 05:09:32,081-06:00 [main] INFO  o.a.catalina.core.StandardService - Starting service [Tomcat]
28-07-2025 05:09:32,081-06:00 [main] INFO  o.a.catalina.core.StandardEngine - Starting Servlet engine: [Apache Tomcat/10.1.43]
28-07-2025 05:09:32,191-06:00 [main] INFO  o.a.c.c.C.[Tomcat].[localhost].[/] - Initializing Spring embedded WebApplicationContext
28-07-2025 05:09:32,191-06:00 [main] INFO  o.s.b.w.s.c.ServletWebServerApplicationContext - Root WebApplicationContext: initialization completed in 2635 ms
28-07-2025 05:09:32,489-06:00 [main] INFO  com.zaxxer.hikari.HikariDataSource - HikariPool-1 - Starting...
28-07-2025 05:09:32,839-06:00 [main] INFO  com.zaxxer.hikari.pool.HikariPool - HikariPool-1 - Added connection conn0: url=jdbc:h2:mem:37fe4e2b-dc17-4d91-95c8-835056f88e04 user=SA
28-07-2025 05:09:32,842-06:00 [main] INFO  com.zaxxer.hikari.HikariDataSource - HikariPool-1 - Start completed.
28-07-2025 05:09:32,939-06:00 [main] INFO  o.h.jpa.internal.util.LogHelper - HHH000204: Processing PersistenceUnitInfo [name: default]
28-07-2025 05:09:33,083-06:00 [main] INFO  org.hibernate.Version - HHH000412: Hibernate ORM core version 6.6.22.Final
28-07-2025 05:09:33,172-06:00 [main] INFO  o.h.c.i.RegionFactoryInitiator - HHH000026: Second-level cache disabled
28-07-2025 05:09:33,762-06:00 [main] INFO  o.s.o.j.p.SpringPersistenceUnitInfo - No LoadTimeWeaver setup: ignoring JPA class transformer
28-07-2025 05:09:33,888-06:00 [main] INFO  o.hibernate.orm.connections.pooling - HHH10001005: Database info:
	Database JDBC URL [Connecting through datasource 'HikariDataSource (HikariPool-1)']
	Database driver: undefined/unknown
	Database version: 2.3.232
	Autocommit mode: undefined/unknown
	Isolation level: undefined/unknown
	Minimum pool size: undefined/unknown
	Maximum pool size: undefined/unknown
28-07-2025 05:09:35,306-06:00 [main] INFO  o.h.e.t.j.p.i.JtaPlatformInitiator - HHH000489: No JTA platform available (set 'hibernate.transaction.jta.platform' to enable JTA platform integration)
28-07-2025 05:09:35,361-06:00 [main] INFO  o.s.o.j.LocalContainerEntityManagerFactoryBean - Initialized JPA EntityManagerFactory for persistence unit 'default'
28-07-2025 05:09:35,840-06:00 [main] WARN  o.s.b.a.o.j.JpaBaseConfiguration$JpaWebConfiguration - spring.jpa.open-in-view is enabled by default. Therefore, database queries may be performed during view rendering. Explicitly configure spring.jpa.open-in-view to disable this warning
28-07-2025 05:09:36,449-06:00 [main] INFO  o.a.coyote.http11.Http11NioProtocol - Starting ProtocolHandler ["http-nio-8080"]
28-07-2025 05:09:36,488-06:00 [main] INFO  o.s.b.w.e.tomcat.TomcatWebServer - Tomcat started on port 8080 (http) with context path '/'
28-07-2025 05:09:36,500-06:00 [main] INFO  c.e.p.Practica65ServiciosWebRestApplication - Started Practica65ServiciosWebRestApplication in 7.747 seconds (process running for 8.893)
28-07-2025 05:09:42,445-06:00 [http-nio-8080-exec-1] INFO  o.a.c.c.C.[Tomcat].[localhost].[/] - Initializing Spring DispatcherServlet 'dispatcherServlet'
28-07-2025 05:09:42,445-06:00 [http-nio-8080-exec-1] INFO  o.s.web.servlet.DispatcherServlet - Initializing Servlet 'dispatcherServlet'
28-07-2025 05:09:42,448-06:00 [http-nio-8080-exec-1] INFO  o.s.web.servlet.DispatcherServlet - Completed initialization in 2 ms
28-07-2025 05:10:55,103-06:00 [SpringApplicationShutdownHook] INFO  o.s.b.w.e.tomcat.GracefulShutdown - Commencing graceful shutdown. Waiting for active requests to complete
28-07-2025 05:10:55,103-06:00 [tomcat-shutdown] INFO  o.s.b.w.e.tomcat.GracefulShutdown - Graceful shutdown complete
28-07-2025 05:10:55,117-06:00 [SpringApplicationShutdownHook] INFO  o.s.o.j.LocalContainerEntityManagerFactoryBean - Closing JPA EntityManagerFactory for persistence unit 'default'
28-07-2025 05:10:55,117-06:00 [SpringApplicationShutdownHook] INFO  com.zaxxer.hikari.HikariDataSource - HikariPool-1 - Shutdown initiated...
28-07-2025 05:10:55,117-06:00 [SpringApplicationShutdownHook] INFO  com.zaxxer.hikari.HikariDataSource - HikariPool-1 - Shutdown completed.
28-07-2025 05:11:53,915-06:00 [main] INFO  c.e.p.Practica65ServiciosWebRestApplication - Starting Practica65ServiciosWebRestApplication v0.0.1-SNAPSHOT using Java 21.0.5 with PID 12580 (C:\Users\Mauricio Ortega\Desktop\EBAC\Actividades\BACKEND\PRACTICAS\practica65ServiciosWebREST\target\practica65ServiciosWebREST-0.0.1-SNAPSHOT.jar started by Mauricio Ortega in C:\Users\Mauricio Ortega\Desktop\EBAC\Actividades\BACKEND\PRACTICAS\practica65ServiciosWebREST)
28-07-2025 05:11:53,918-06:00 [main] INFO  c.e.p.Practica65ServiciosWebRestApplication - The following 1 profile is active: "dev"
28-07-2025 05:11:55,781-06:00 [main] INFO  o.s.d.r.c.RepositoryConfigurationDelegate - Bootstrapping Spring Data JPA repositories in DEFAULT mode.
28-07-2025 05:11:55,930-06:00 [main] INFO  o.s.d.r.c.RepositoryConfigurationDelegate - Finished Spring Data repository scanning in 117 ms. Found 2 JPA repository interfaces.
28-07-2025 05:11:57,126-06:00 [main] INFO  o.s.b.w.e.tomcat.TomcatWebServer - Tomcat initialized with port 8080 (http)
28-07-2025 05:11:57,162-06:00 [main] INFO  o.a.coyote.http11.Http11NioProtocol - Initializing ProtocolHandler ["http-nio-8080"]
28-07-2025 05:11:57,167-06:00 [main] INFO  o.a.catalina.core.StandardService - Starting service [Tomcat]
28-07-2025 05:11:57,168-06:00 [main] INFO  o.a.catalina.core.StandardEngine - Starting Servlet engine: [Apache Tomcat/10.1.43]
28-07-2025 05:11:57,231-06:00 [main] INFO  o.a.c.c.C.[Tomcat].[localhost].[/] - Initializing Spring embedded WebApplicationContext
28-07-2025 05:11:57,232-06:00 [main] INFO  o.s.b.w.s.c.ServletWebServerApplicationContext - Root WebApplicationContext: initialization completed in 3200 ms
28-07-2025 05:11:57,600-06:00 [main] INFO  o.h.jpa.internal.util.LogHelper - HHH000204: Processing PersistenceUnitInfo [name: default]
28-07-2025 05:11:57,705-06:00 [main] INFO  org.hibernate.Version - HHH000412: Hibernate ORM core version 6.6.22.Final
28-07-2025 05:11:57,783-06:00 [main] INFO  o.h.c.i.RegionFactoryInitiator - HHH000026: Second-level cache disabled
28-07-2025 05:11:58,435-06:00 [main] INFO  o.s.o.j.p.SpringPersistenceUnitInfo - No LoadTimeWeaver setup: ignoring JPA class transformer
28-07-2025 05:11:58,499-06:00 [main] INFO  com.zaxxer.hikari.HikariDataSource - HikariPool-1 - Starting...
28-07-2025 05:11:58,995-06:00 [main] INFO  com.zaxxer.hikari.pool.HikariPool - HikariPool-1 - Added connection conn0: url=jdbc:h2:file:./data/practica65 user=SA
28-07-2025 05:11:59,002-06:00 [main] INFO  com.zaxxer.hikari.HikariDataSource - HikariPool-1 - Start completed.
28-07-2025 05:11:59,097-06:00 [main] INFO  o.hibernate.orm.connections.pooling - HHH10001005: Database info:
	Database JDBC URL [Connecting through datasource 'HikariDataSource (HikariPool-1)']
	Database driver: undefined/unknown
	Database version: 2.3.232
	Autocommit mode: undefined/unknown
	Isolation level: undefined/unknown
	Minimum pool size: undefined/unknown
	Maximum pool size: undefined/unknown
28-07-2025 05:12:00,398-06:00 [main] INFO  o.h.e.t.j.p.i.JtaPlatformInitiator - HHH000489: No JTA platform available (set 'hibernate.transaction.jta.platform' to enable JTA platform integration)
28-07-2025 05:12:00,494-06:00 [main] INFO  o.s.o.j.LocalContainerEntityManagerFactoryBean - Initialized JPA EntityManagerFactory for persistence unit 'default'
28-07-2025 05:12:00,930-06:00 [main] WARN  o.s.b.a.o.j.JpaBaseConfiguration$JpaWebConfiguration - spring.jpa.open-in-view is enabled by default. Therefore, database queries may be performed during view rendering. Explicitly configure spring.jpa.open-in-view to disable this warning
28-07-2025 05:12:01,566-06:00 [main] INFO  o.s.b.a.h.H2ConsoleAutoConfiguration - H2 console available at '/h2-console'. Database available at 'jdbc:h2:file:./data/practica65'
28-07-2025 05:12:01,673-06:00 [main] INFO  o.a.coyote.http11.Http11NioProtocol - Starting ProtocolHandler ["http-nio-8080"]
28-07-2025 05:12:01,790-06:00 [main] INFO  o.s.b.w.e.tomcat.TomcatWebServer - Tomcat started on port 8080 (http) with context path '/'
28-07-2025 05:12:01,908-06:00 [main] INFO  c.e.p.Practica65ServiciosWebRestApplication - Started Practica65ServiciosWebRestApplication in 9.01 seconds (process running for 11.107)
28-07-2025 05:12:09,376-06:00 [http-nio-8080-exec-1] INFO  o.a.c.c.C.[Tomcat].[localhost].[/] - Initializing Spring DispatcherServlet 'dispatcherServlet'
28-07-2025 05:12:09,377-06:00 [http-nio-8080-exec-1] INFO  o.s.web.servlet.DispatcherServlet - Initializing Servlet 'dispatcherServlet'
28-07-2025 05:12:09,379-06:00 [http-nio-8080-exec-1] INFO  o.s.web.servlet.DispatcherServlet - Completed initialization in 2 ms
28-07-2025 05:12:59,902-06:00 [http-nio-8080-exec-4] INFO  c.e.p.controller.UsuarioController - Usuario ya existente
28-07-2025 05:13:04,893-06:00 [http-nio-8080-exec-8] WARN  c.e.p.controller.UsuarioController - Usuario no existente
28-07-2025 05:13:15,905-06:00 [http-nio-8080-exec-6] INFO  c.e.p.controller.UsuarioController - Usuario editado
28-07-2025 05:13:36,359-06:00 [http-nio-8080-exec-1] INFO  c.e.p.controller.TelefonoController - No hay un usuario a cual registrar el telefono
28-07-2025 05:14:06,287-06:00 [http-nio-8080-exec-1] INFO  c.e.p.controller.TelefonoController - Se encontro el usuario al cual se registrara el telefono
28-07-2025 05:14:14,733-06:00 [http-nio-8080-exec-7] INFO  c.e.p.controller.TelefonoController - Se encontro el usuario al cual se registrara el telefono
28-07-2025 05:14:46,670-06:00 [SpringApplicationShutdownHook] INFO  o.s.b.w.e.tomcat.GracefulShutdown - Commencing graceful shutdown. Waiting for active requests to complete
28-07-2025 05:14:46,827-06:00 [tomcat-shutdown] INFO  o.s.b.w.e.tomcat.GracefulShutdown - Graceful shutdown complete
28-07-2025 05:14:46,832-06:00 [SpringApplicationShutdownHook] INFO  o.s.o.j.LocalContainerEntityManagerFactoryBean - Closing JPA EntityManagerFactory for persistence unit 'default'
28-07-2025 05:14:46,835-06:00 [SpringApplicationShutdownHook] INFO  com.zaxxer.hikari.HikariDataSource - HikariPool-1 - Shutdown initiated...
28-07-2025 05:14:46,838-06:00 [SpringApplicationShutdownHook] INFO  com.zaxxer.hikari.HikariDataSource - HikariPool-1 - Shutdown completed.
